<?xml version="1.0" encoding="UTF-8"?>
<!-- Generated by org.testng.reporters.JUnitReportReporter -->
<testsuite skipped="0" hostname="Rashid-PC" name="com.crm.qa.testcases.ContactsPageTest" tests="2" failures="0" timestamp="13 Oct 2018 18:09:20 GMT" time="85.502" errors="0">
  <testcase name="verifyContactsPageLabelTest" time="45.194" classname="com.crm.qa.testcases.ContactsPageTest"/>
  <testcase name="verifySelectContactNameTest" time="40.308" classname="com.crm.qa.testcases.ContactsPageTest"/>
</testsuite> <!-- com.crm.qa.testcases.ContactsPageTest -->
